<?xml version="1.0" encoding="UTF-8"?>
<!-- Generated by org.testng.reporters.JUnitReportReporter -->
<testsuite hostname="DESKTOP-BJBTTB3" failures="0" tests="1" name="com.myhorsetest.MyHorseDocumentTest" time="69.660" errors="0" timestamp="2023-04-02T22:27:27 IST" skipped="0">
  <testcase classname="com.myhorsetest.MyHorseDocumentTest" name="MyHorseDocument" time="69.660"/>
  <system-out/>
</testsuite> <!-- com.myhorsetest.MyHorseDocumentTest -->
