<?xml version="1.0" encoding="UTF-8"?>
<!-- Generated by org.testng.reporters.JUnitReportReporter -->
<testsuite hostname="DESKTOP-BJBTTB3" failures="0" tests="1" name="com.myhorsetest.MyHorseHealth5_VetcliniclTest" time="89.639" errors="0" timestamp="2023-04-02T22:27:27 IST" skipped="0">
  <testcase classname="com.myhorsetest.MyHorseHealth5_VetcliniclTest" name="MyHorseHealth4_Dental" time="89.639"/>
  <system-out/>
</testsuite> <!-- com.myhorsetest.MyHorseHealth5_VetcliniclTest -->
