<?xml version="1.0" encoding="UTF-8"?>
<!-- Generated by org.testng.reporters.JUnitReportReporter -->
<testsuite hostname="DESKTOP-BJBTTB3" failures="0" tests="1" name="com.myhorsetest.mytest" time="0.015" errors="0" timestamp="2023-01-14T15:44:03 IST" skipped="0">
  <testcase classname="com.myhorsetest.mytest" name="test" time="0.015"/>
  <system-out>
    <![CDATA[my test]]>
  </system-out>
</testsuite> <!-- com.myhorsetest.mytest -->
