<?xml version="1.0" encoding="UTF-8"?>
<!-- Generated by org.testng.reporters.JUnitReportReporter -->
<testsuite hostname="DESKTOP-BJBTTB3" failures="0" tests="1" name="com.myhorsetest.MyHorseHealth2_VaccinationTest" time="85.666" errors="0" timestamp="2023-04-02T22:27:27 IST" skipped="0">
  <testcase classname="com.myhorsetest.MyHorseHealth2_VaccinationTest" name="MyHorseHealth2_Vaccination" time="85.666"/>
  <system-out/>
</testsuite> <!-- com.myhorsetest.MyHorseHealth2_VaccinationTest -->
