<?xml version="1.0" encoding="UTF-8"?>
<!-- Generated by org.testng.reporters.JUnitReportReporter -->
<testsuite hostname="DESKTOP-BJBTTB3" failures="0" tests="1" name="com.myhorsetest.MyHorseDieTest" time="72.683" errors="0" timestamp="2023-04-02T22:27:27 IST" skipped="0">
  <testcase classname="com.myhorsetest.MyHorseDieTest" name="MyHorseDie" time="72.683"/>
  <system-out/>
</testsuite> <!-- com.myhorsetest.MyHorseDieTest -->
