<?xml version="1.0" encoding="UTF-8"?>
<!-- Generated by org.testng.reporters.JUnitReportReporter -->
<testsuite hostname="DESKTOP-BJBTTB3" failures="0" tests="1" name="com.myhorsetest.MyHorseHealth1_vitalsignTest" time="77.046" errors="0" timestamp="2023-04-02T22:27:27 IST" skipped="0">
  <testcase classname="com.myhorsetest.MyHorseHealth1_vitalsignTest" name="MyHorseHealth_Vitalsign" time="77.046"/>
  <system-out/>
</testsuite> <!-- com.myhorsetest.MyHorseHealth1_vitalsignTest -->
