<?xml version="1.0" encoding="UTF-8"?>
<!-- Generated by org.testng.reporters.JUnitReportReporter -->
<testsuite hostname="DESKTOP-BJBTTB3" failures="0" tests="1" name="com.myhorsetest.MyHorseFarrierTest" time="60.528" errors="0" timestamp="2023-04-02T22:27:27 IST" skipped="0">
  <testcase classname="com.myhorsetest.MyHorseFarrierTest" name="MyHorseFarrier" time="60.528"/>
  <system-out/>
</testsuite> <!-- com.myhorsetest.MyHorseFarrierTest -->
