<?xml version="1.0" encoding="UTF-8"?>
<!-- Generated by org.testng.reporters.JUnitReportReporter -->
<testsuite hostname="DESKTOP-BJBTTB3" failures="0" tests="1" name="com.myhorsetest.MyHorseListingText" time="69.588" errors="0" timestamp="2023-04-03T00:06:26 IST" skipped="0">
  <testcase classname="com.myhorsetest.MyHorseListingText" name="MyHorseListingaction" time="69.588"/>
  <system-out>
    <![CDATA[MyHorseListingaction]]>
  </system-out>
</testsuite> <!-- com.myhorsetest.MyHorseListingText -->
